<?xml version="1.0" encoding="UTF-8"?>
<testsuite name="com.phonebook.tests.HomePageTests" tests="1" skipped="0" failures="0" errors="0" timestamp="2024-03-06T20:57:26" hostname="DESKTOP-OS617JJ" time="0.043">
  <properties/>
  <testcase name="isHomeComponentPresentTest" classname="com.phonebook.tests.HomePageTests" time="0.043"/>
  <system-out><![CDATA[21:57:26.260 [Test worker] INFO  com.phonebook.tests.TestBase -- Start test: isHomeComponentPresentTest with data: []
21:57:26.352 [Test worker] INFO  com.phonebook.tests.TestBase -- PASSED: isHomeComponentPresentTest
21:57:26.352 [Test worker] INFO  com.phonebook.tests.TestBase -- Stop test
21:57:26.353 [Test worker] INFO  com.phonebook.tests.TestBase -- ***************************************************
]]></system-out>
  <system-err><![CDATA[]]></system-err>
</testsuite>
