<?xml version="1.0" encoding="UTF-8"?>
<testsuite name="com.phonebook.tests.AddContactTests" tests="1" skipped="0" failures="0" errors="0" timestamp="2024-03-06T20:57:39" hostname="DESKTOP-OS617JJ" time="3.02">
  <properties/>
  <testcase name="addContactPositiveTest" classname="com.phonebook.tests.AddContactTests" time="3.02"/>
  <system-out><![CDATA[21:57:28.445 [Test worker] INFO  com.phonebook.tests.TestBase -- Start test: addContactPositiveTest with data: []
21:57:43.372 [Test worker] INFO  com.phonebook.tests.TestBase -- PASSED: addContactPositiveTest
21:57:43.372 [Test worker] INFO  com.phonebook.tests.TestBase -- Stop test
21:57:43.373 [Test worker] INFO  com.phonebook.tests.TestBase -- ***************************************************
]]></system-out>
  <system-err><![CDATA[]]></system-err>
</testsuite>
