<?xml version="1.0" encoding="UTF-8"?>
<testsuite name="com.phonebook.tests.DeleteContactTests" tests="1" skipped="0" failures="0" errors="0" timestamp="2024-03-06T20:57:57" hostname="DESKTOP-OS617JJ" time="1.169">
  <properties/>
  <testcase name="removeContactTest" classname="com.phonebook.tests.DeleteContactTests" time="1.169"/>
  <system-out><![CDATA[21:57:43.376 [Test worker] INFO  com.phonebook.tests.TestBase -- Start test: removeContactTest with data: []
21:57:58.536 [Test worker] INFO  com.phonebook.tests.TestBase -- PASSED: removeContactTest
21:57:58.537 [Test worker] INFO  com.phonebook.tests.TestBase -- Stop test
21:57:58.537 [Test worker] INFO  com.phonebook.tests.TestBase -- ***************************************************
]]></system-out>
  <system-err><![CDATA[]]></system-err>
</testsuite>
