<?xml version="1.0" encoding="UTF-8"?>
<testsuite name="com.phonebook.tests.LoginTests" tests="1" skipped="0" failures="0" errors="0" timestamp="2024-03-06T20:57:26" hostname="DESKTOP-OS617JJ" time="2.048">
  <properties/>
  <testcase name="loginPositiveTest" classname="com.phonebook.tests.LoginTests" time="2.048"/>
  <system-out><![CDATA[21:57:26.369 [Test worker] INFO  com.phonebook.tests.TestBase -- Start test: loginPositiveTest with data: []
21:57:28.434 [Test worker] INFO  com.phonebook.tests.TestBase -- PASSED: loginPositiveTest
21:57:28.435 [Test worker] INFO  com.phonebook.tests.TestBase -- Stop test
21:57:28.435 [Test worker] INFO  com.phonebook.tests.TestBase -- ***************************************************
]]></system-out>
  <system-err><![CDATA[]]></system-err>
</testsuite>
